<?xml version="1.0" encoding="UTF-8" ?>
<testsuite failures="0" time="2.422" errors="1" skipped="0" tests="1" name="com.daoleen.jee.jpa.test.BookIT">
  <properties>
[...]
</properties>
  <testcase time="2.422" classname="com.daoleen.jee.jpa.test.BookIT" name="shouldFindJavaBook">
    <error message="
Internal Exception: java.sql.SQLSyntaxErrorException: Table/View &apos;BOOK&apos; does not exist.
Error Code: 30000
Call: SELECT ID, DESCRIPTION, ILLUSTRATIONS, ISBN, NBOFPAGE, PRICE, TITLE FROM BOOK WHERE (ID = ?)
	bind =&gt; [1 parameter bound]
Query: ReadObjectQuery(name=&quot;readBook&quot; referenceClass=Book sql=&quot;SELECT ID, DESCRIPTION, ILLUSTRATIONS, ISBN, NBOFPAGE, PRICE, TITLE FROM BOOK WHERE (ID = ?)&quot;)" type="Local Exception Stack">Local Exception Stack: 
Exception [EclipseLink-4002] (Eclipse Persistence Services - 2.5.0.v20130507-3faac2b): org.eclipse.persistence.exceptions.DatabaseException
Internal Exception: java.sql.SQLSyntaxErrorException: Table/View &apos;BOOK&apos; does not exist.
Error Code: 30000
Call: SELECT ID, DESCRIPTION, ILLUSTRATIONS, ISBN, NBOFPAGE, PRICE, TITLE FROM BOOK WHERE (ID = ?)
	bind =&gt; [1 parameter bound]
Query: ReadObjectQuery(name=&quot;readBook&quot; referenceClass=Book sql=&quot;SELECT ID, DESCRIPTION, ILLUSTRATIONS, ISBN, NBOFPAGE, PRICE, TITLE FROM BOOK WHERE (ID = ?)&quot;)
	at org.eclipse.persistence.exceptions.DatabaseException.sqlException(DatabaseException.java:340)
	at org.eclipse.persistence.internal.databaseaccess.DatabaseAccessor.basicExecuteCall(DatabaseAccessor.java:679)
	at org.eclipse.persistence.internal.databaseaccess.DatabaseAccessor.executeCall(DatabaseAccessor.java:558)
	at org.eclipse.persistence.internal.sessions.AbstractSession.basicExecuteCall(AbstractSession.java:1995)
	at org.eclipse.persistence.sessions.server.ServerSession.executeCall(ServerSession.java:570)
	at org.eclipse.persistence.internal.queries.DatasourceCallQueryMechanism.executeCall(DatasourceCallQueryMechanism.java:242)
	at org.eclipse.persistence.internal.queries.DatasourceCallQueryMechanism.executeCall(DatasourceCallQueryMechanism.java:228)
	at org.eclipse.persistence.internal.queries.DatasourceCallQueryMechanism.selectOneRow(DatasourceCallQueryMechanism.java:714)
	at org.eclipse.persistence.internal.queries.ExpressionQueryMechanism.selectOneRowFromTable(ExpressionQueryMechanism.java:2777)
	at org.eclipse.persistence.internal.queries.ExpressionQueryMechanism.selectOneRow(ExpressionQueryMechanism.java:2730)
	at org.eclipse.persistence.queries.ReadObjectQuery.executeObjectLevelReadQuery(ReadObjectQuery.java:526)
	at org.eclipse.persistence.queries.ObjectLevelReadQuery.executeDatabaseQuery(ObjectLevelReadQuery.java:1155)
	at org.eclipse.persistence.queries.DatabaseQuery.execute(DatabaseQuery.java:899)
	at org.eclipse.persistence.queries.ObjectLevelReadQuery.execute(ObjectLevelReadQuery.java:1114)
	at org.eclipse.persistence.queries.ReadObjectQuery.execute(ReadObjectQuery.java:429)
	at org.eclipse.persistence.queries.ObjectLevelReadQuery.executeInUnitOfWork(ObjectLevelReadQuery.java:1202)
	at org.eclipse.persistence.internal.sessions.UnitOfWorkImpl.internalExecuteQuery(UnitOfWorkImpl.java:2894)
	at org.eclipse.persistence.internal.sessions.AbstractSession.executeQuery(AbstractSession.java:1797)
	at org.eclipse.persistence.internal.sessions.AbstractSession.executeQuery(AbstractSession.java:1779)
	at org.eclipse.persistence.internal.sessions.AbstractSession.executeQuery(AbstractSession.java:1730)
	at org.eclipse.persistence.internal.jpa.EntityManagerImpl.executeQuery(EntityManagerImpl.java:883)
	at org.eclipse.persistence.internal.jpa.EntityManagerImpl.findInternal(EntityManagerImpl.java:826)
	at org.eclipse.persistence.internal.jpa.EntityManagerImpl.find(EntityManagerImpl.java:719)
	at org.eclipse.persistence.internal.jpa.EntityManagerImpl.find(EntityManagerImpl.java:588)
	at com.daoleen.jee.jpa.test.BookIT.shouldFindJavaBook(BookIT.java:53)
	at sun.reflect.NativeMethodAccessorImpl.invoke0(Native Method)
	at sun.reflect.NativeMethodAccessorImpl.invoke(NativeMethodAccessorImpl.java:57)
	at sun.reflect.DelegatingMethodAccessorImpl.invoke(DelegatingMethodAccessorImpl.java:43)
	at java.lang.reflect.Method.invoke(Method.java:601)
	at org.junit.runners.model.FrameworkMethod$1.runReflectiveCall(FrameworkMethod.java:47)
	at org.junit.internal.runners.model.ReflectiveCallable.run(ReflectiveCallable.java:12)
	at org.junit.runners.model.FrameworkMethod.invokeExplosively(FrameworkMethod.java:44)
	at org.junit.internal.runners.statements.InvokeMethod.evaluate(InvokeMethod.java:17)
	at org.junit.internal.runners.statements.RunBefores.evaluate(RunBefores.java:26)
	at org.junit.internal.runners.statements.RunAfters.evaluate(RunAfters.java:27)
	at org.junit.runners.ParentRunner.runLeaf(ParentRunner.java:271)
	at org.junit.runners.BlockJUnit4ClassRunner.runChild(BlockJUnit4ClassRunner.java:70)
	at org.junit.runners.BlockJUnit4ClassRunner.runChild(BlockJUnit4ClassRunner.java:50)
	at org.junit.runners.ParentRunner$3.run(ParentRunner.java:238)
	at org.junit.runners.ParentRunner$1.schedule(ParentRunner.java:63)
	at org.junit.runners.ParentRunner.runChildren(ParentRunner.java:236)
	at org.junit.runners.ParentRunner.access$000(ParentRunner.java:53)
	at org.junit.runners.ParentRunner$2.evaluate(ParentRunner.java:229)
	at org.junit.runners.ParentRunner.run(ParentRunner.java:309)
	at org.apache.maven.surefire.junit4.JUnit4Provider.execute(JUnit4Provider.java:252)
	at org.apache.maven.surefire.junit4.JUnit4Provider.executeTestSet(JUnit4Provider.java:141)
	at org.apache.maven.surefire.junit4.JUnit4Provider.invoke(JUnit4Provider.java:112)
	at sun.reflect.NativeMethodAccessorImpl.invoke0(Native Method)
	at sun.reflect.NativeMethodAccessorImpl.invoke(NativeMethodAccessorImpl.java:57)
	at sun.reflect.DelegatingMethodAccessorImpl.invoke(DelegatingMethodAccessorImpl.java:43)
	at java.lang.reflect.Method.invoke(Method.java:601)
	at org.apache.maven.surefire.util.ReflectionUtils.invokeMethodWithArray(ReflectionUtils.java:189)
	at org.apache.maven.surefire.booter.ProviderFactory$ProviderProxy.invoke(ProviderFactory.java:165)
	at org.apache.maven.surefire.booter.ProviderFactory.invokeProvider(ProviderFactory.java:85)
	at org.apache.maven.surefire.booter.ForkedBooter.runSuitesInProcess(ForkedBooter.java:115)
	at org.apache.maven.surefire.booter.ForkedBooter.main(ForkedBooter.java:75)
Caused by: java.sql.SQLSyntaxErrorException: Table/View &apos;BOOK&apos; does not exist.
	at org.apache.derby.impl.jdbc.SQLExceptionFactory40.getSQLException(Unknown Source)
	at org.apache.derby.impl.jdbc.Util.generateCsSQLException(Unknown Source)
	at org.apache.derby.impl.jdbc.TransactionResourceImpl.wrapInSQLException(Unknown Source)
	at org.apache.derby.impl.jdbc.TransactionResourceImpl.handleException(Unknown Source)
	at org.apache.derby.impl.jdbc.EmbedConnection.handleException(Unknown Source)
	at org.apache.derby.impl.jdbc.ConnectionChild.handleException(Unknown Source)
	at org.apache.derby.impl.jdbc.EmbedPreparedStatement.&lt;init&gt;(Unknown Source)
	at org.apache.derby.impl.jdbc.EmbedPreparedStatement20.&lt;init&gt;(Unknown Source)
	at org.apache.derby.impl.jdbc.EmbedPreparedStatement30.&lt;init&gt;(Unknown Source)
	at org.apache.derby.impl.jdbc.EmbedPreparedStatement40.&lt;init&gt;(Unknown Source)
	at org.apache.derby.jdbc.Driver40.newEmbedPreparedStatement(Unknown Source)
	at org.apache.derby.impl.jdbc.EmbedConnection.prepareStatement(Unknown Source)
	at org.apache.derby.impl.jdbc.EmbedConnection.prepareStatement(Unknown Source)
	at org.eclipse.persistence.internal.databaseaccess.DatabaseAccessor.prepareStatement(DatabaseAccessor.java:1551)
	at org.eclipse.persistence.internal.databaseaccess.DatabaseAccessor.prepareStatement(DatabaseAccessor.java:1500)
	at org.eclipse.persistence.internal.databaseaccess.DatabaseCall.prepareStatement(DatabaseCall.java:778)
	at org.eclipse.persistence.internal.databaseaccess.DatabaseAccessor.basicExecuteCall(DatabaseAccessor.java:619)
	... 54 more
Caused by: java.sql.SQLException: Table/View &apos;BOOK&apos; does not exist.
	at org.apache.derby.impl.jdbc.SQLExceptionFactory.getSQLException(Unknown Source)
	at org.apache.derby.impl.jdbc.SQLExceptionFactory40.wrapArgsForTransportAcrossDRDA(Unknown Source)
	... 71 more
Caused by: ERROR 42X05: Table/View &apos;BOOK&apos; does not exist.
	at org.apache.derby.iapi.error.StandardException.newException(Unknown Source)
	at org.apache.derby.impl.sql.compile.FromBaseTable.bindTableDescriptor(Unknown Source)
	at org.apache.derby.impl.sql.compile.FromBaseTable.bindNonVTITables(Unknown Source)
	at org.apache.derby.impl.sql.compile.FromList.bindTables(Unknown Source)
	at org.apache.derby.impl.sql.compile.SelectNode.bindNonVTITables(Unknown Source)
	at org.apache.derby.impl.sql.compile.DMLStatementNode.bindTables(Unknown Source)
	at org.apache.derby.impl.sql.compile.DMLStatementNode.bind(Unknown Source)
	at org.apache.derby.impl.sql.compile.CursorNode.bindStatement(Unknown Source)
	at org.apache.derby.impl.sql.GenericStatement.prepMinion(Unknown Source)
	at org.apache.derby.impl.sql.GenericStatement.prepare(Unknown Source)
	at org.apache.derby.impl.sql.conn.GenericLanguageConnectionContext.prepareInternalStatement(Unknown Source)
	... 65 more
</error>
    <system-out>[EL Info]: 2013-10-26 19:07:52.203--ServerSession(840655352)--EclipseLink, version: Eclipse Persistence Services - 2.5.0.v20130507-3faac2b
[EL Info]: connection: 2013-10-26 19:07:54.009--ServerSession(840655352)--file:/home/daoleen/Java/JEE/JPI/target/classes/_JpaIntroductionDbTest login successful
[EL Warning]: 2013-10-26 19:07:54.305--ServerSession(840655352)--Exception [EclipseLink-4002] (Eclipse Persistence Services - 2.5.0.v20130507-3faac2b): org.eclipse.persistence.exceptions.DatabaseException
Internal Exception: java.sql.SQLSyntaxErrorException: Table/View &apos;BOOK&apos; does not exist.
Error Code: 30000
Call: INSERT INTO BOOK(ID, TITLE, DESCRIPTION, ILLUSTRATIONS, ISBN, NBOFPAGE, PRICE) values (1, &apos;Java&apos;, &apos;Best Java EE book ever&apos;, 1, &apos;1234-5678&apos;, 450, 49)
Query: DataModifyQuery(sql=&quot;INSERT INTO BOOK(ID, TITLE, DESCRIPTION, ILLUSTRATIONS, ISBN, NBOFPAGE, PRICE) values (1, &apos;Java&apos;, &apos;Best Java EE book ever&apos;, 1, &apos;1234-5678&apos;, 450, 49)&quot;)
[EL Warning]: 2013-10-26 19:07:54.316--ServerSession(840655352)--Exception [EclipseLink-4002] (Eclipse Persistence Services - 2.5.0.v20130507-3faac2b): org.eclipse.persistence.exceptions.DatabaseException
Internal Exception: java.sql.SQLSyntaxErrorException: Table/View &apos;BOOK&apos; does not exist.
Error Code: 30000
Call: INSERT INTO BOOK(ID, TITLE, DESCRIPTION, ILLUSTRATIONS, ISBN, NBOFPAGE, PRICE) values (2, &apos;Beginning Java EE 7&apos;, &apos;No, this is the best &apos;, 1, &apos;5678-9012&apos;, 550, 53)
Query: DataModifyQuery(sql=&quot;INSERT INTO BOOK(ID, TITLE, DESCRIPTION, ILLUSTRATIONS, ISBN, NBOFPAGE, PRICE) values (2, &apos;Beginning Java EE 7&apos;, &apos;No, this is the best &apos;, 1, &apos;5678-9012&apos;, 550, 53)&quot;)
[EL Warning]: 2013-10-26 19:07:54.326--ServerSession(840655352)--Exception [EclipseLink-4002] (Eclipse Persistence Services - 2.5.0.v20130507-3faac2b): org.eclipse.persistence.exceptions.DatabaseException
Internal Exception: java.sql.SQLSyntaxErrorException: Table/View &apos;BOOK&apos; does not exist.
Error Code: 30000
Call: INSERT INTO BOOK(ID, TITLE, DESCRIPTION, ILLUSTRATIONS, ISBN, NBOFPAGE, PRICE) values (3, &apos;The Lord of the Rings&apos;, &apos;One ring to rule them all&apos;, 0, &apos;9012-3456&apos;, 222, 23)
Query: DataModifyQuery(sql=&quot;INSERT INTO BOOK(ID, TITLE, DESCRIPTION, ILLUSTRATIONS, ISBN, NBOFPAGE, PRICE) values (3, &apos;The Lord of the Rings&apos;, &apos;One ring to rule them all&apos;, 0, &apos;9012-3456&apos;, 222, 23)&quot;)
[EL Warning]: 2013-10-26 19:07:54.429--UnitOfWork(429653959)--Exception [EclipseLink-4002] (Eclipse Persistence Services - 2.5.0.v20130507-3faac2b): org.eclipse.persistence.exceptions.DatabaseException
Internal Exception: java.sql.SQLSyntaxErrorException: Table/View &apos;BOOK&apos; does not exist.
Error Code: 30000
Call: SELECT ID, DESCRIPTION, ILLUSTRATIONS, ISBN, NBOFPAGE, PRICE, TITLE FROM BOOK WHERE (ID = ?)
	bind =&gt; [1 parameter bound]
Query: ReadObjectQuery(name=&quot;readBook&quot; referenceClass=Book sql=&quot;SELECT ID, DESCRIPTION, ILLUSTRATIONS, ISBN, NBOFPAGE, PRICE, TITLE FROM BOOK WHERE (ID = ?)&quot;)
</system-out>
    <system-err>Oct 26, 2013 7:07:52 PM org.hibernate.validator.internal.util.Version &lt;clinit&gt;
INFO: HV000001: Hibernate Validator 5.0.1.Final
</system-err>
  </testcase>
</testsuite>